<?xml version="1.0" encoding="UTF-8"?>
<testng-results ignored="0" total="5" passed="4" failed="1" skipped="0">
  <reporter-output>
  </reporter-output>
  <suite started-at="2022-03-05T10:37:10 IST" name="Suite" finished-at="2022-03-05T10:37:44 IST" duration-ms="34134">
    <groups>
    </groups>
    <test started-at="2022-03-05T10:37:10 IST" name="Test1" finished-at="2022-03-05T10:37:23 IST" duration-ms="13370">
      <class name="testCases.LandingPage">
        <test-method is-config="true" signature="driverInitialize()[pri:0, instance:testCases.LandingPage@5c2375a9]" started-at="2022-03-05T10:37:10 IST" name="driverInitialize" finished-at="2022-03-05T10:37:17 IST" duration-ms="7003" status="PASS">
          <reporter-output>
          </reporter-output>
        </test-method> <!-- driverInitialize -->
        <test-method signature="verifyText()[pri:1, instance:testCases.LandingPage@5c2375a9]" started-at="2022-03-05T10:37:17 IST" name="verifyText" finished-at="2022-03-05T10:37:17 IST" duration-ms="45" status="FAIL">
          <exception class="java.lang.AssertionError">
            <message>
              <![CDATA[expected [cat] but found [FEATURED COURSES]]]>
            </message>
            <full-stacktrace>
              <![CDATA[java.lang.AssertionError: expected [cat] but found [FEATURED COURSES]
at org.testng.Assert.fail(Assert.java:97)
at org.testng.Assert.assertEqualsImpl(Assert.java:136)
at org.testng.Assert.assertEquals(Assert.java:118)
at org.testng.Assert.assertEquals(Assert.java:575)
at org.testng.Assert.assertEquals(Assert.java:585)
at testCases.LandingPage.verifyText(LandingPage.java:58)
at java.base/jdk.internal.reflect.NativeMethodAccessorImpl.invoke0(Native Method)
at java.base/jdk.internal.reflect.NativeMethodAccessorImpl.invoke(NativeMethodAccessorImpl.java:64)
at java.base/jdk.internal.reflect.DelegatingMethodAccessorImpl.invoke(DelegatingMethodAccessorImpl.java:43)
at java.base/java.lang.reflect.Method.invoke(Method.java:564)
at org.testng.internal.MethodInvocationHelper.invokeMethod(MethodInvocationHelper.java:134)
at org.testng.internal.TestInvoker.invokeMethod(TestInvoker.java:597)
at org.testng.internal.TestInvoker.invokeTestMethod(TestInvoker.java:173)
at org.testng.internal.MethodRunner.runInSequence(MethodRunner.java:46)
at org.testng.internal.TestInvoker$MethodInvocationAgent.invoke(TestInvoker.java:816)
at org.testng.internal.TestInvoker.invokeTestMethods(TestInvoker.java:146)
at org.testng.internal.TestMethodWorker.invokeTestMethods(TestMethodWorker.java:146)
at org.testng.internal.TestMethodWorker.run(TestMethodWorker.java:128)
at java.base/java.util.ArrayList.forEach(ArrayList.java:1511)
at org.testng.TestRunner.privateRun(TestRunner.java:766)
at org.testng.TestRunner.run(TestRunner.java:587)
at org.testng.SuiteRunner.runTest(SuiteRunner.java:384)
at org.testng.SuiteRunner.runSequentially(SuiteRunner.java:378)
at org.testng.SuiteRunner.privateRun(SuiteRunner.java:337)
at org.testng.SuiteRunner.run(SuiteRunner.java:286)
at org.testng.SuiteRunnerWorker.runSuite(SuiteRunnerWorker.java:53)
at org.testng.SuiteRunnerWorker.run(SuiteRunnerWorker.java:96)
at org.testng.TestNG.runSuitesSequentially(TestNG.java:1187)
at org.testng.TestNG.runSuitesLocally(TestNG.java:1109)
at org.testng.TestNG.runSuites(TestNG.java:1039)
at org.testng.TestNG.run(TestNG.java:1007)
at org.testng.remote.AbstractRemoteTestNG.run(AbstractRemoteTestNG.java:115)
at org.testng.remote.RemoteTestNG.initAndRun(RemoteTestNG.java:251)
at org.testng.remote.RemoteTestNG.main(RemoteTestNG.java:77)
]]>
            </full-stacktrace>
          </exception> <!-- java.lang.AssertionError -->
          <reporter-output>
          </reporter-output>
        </test-method> <!-- verifyText -->
        <test-method signature="clickoncourses()[pri:2, instance:testCases.LandingPage@5c2375a9]" started-at="2022-03-05T10:37:17 IST" name="clickoncourses" finished-at="2022-03-05T10:37:23 IST" duration-ms="5567" status="PASS">
          <reporter-output>
          </reporter-output>
        </test-method> <!-- clickoncourses -->
        <test-method is-config="true" signature="tearDown()[pri:0, instance:testCases.LandingPage@5c2375a9]" started-at="2022-03-05T10:37:23 IST" name="tearDown" finished-at="2022-03-05T10:37:23 IST" duration-ms="279" status="PASS">
          <reporter-output>
          </reporter-output>
        </test-method> <!-- tearDown -->
      </class> <!-- testCases.LandingPage -->
    </test> <!-- Test1 -->
    <test started-at="2022-03-05T10:37:24 IST" name="Test2" finished-at="2022-03-05T10:37:38 IST" duration-ms="14325">
      <class name="testCases.LoginPage">
        <test-method is-config="true" signature="driverInitialize()[pri:0, instance:testCases.LoginPage@9ebe38b]" started-at="2022-03-05T10:37:24 IST" name="driverInitialize" finished-at="2022-03-05T10:37:30 IST" duration-ms="6411" status="PASS">
          <reporter-output>
          </reporter-output>
        </test-method> <!-- driverInitialize -->
        <test-method signature="checklogin(java.lang.String, java.lang.String)[pri:0, instance:testCases.LoginPage@9ebe38b]" started-at="2022-03-05T10:37:30 IST" name="checklogin" data-provider="getData" finished-at="2022-03-05T10:37:31 IST" duration-ms="1006" status="PASS">
          <params>
            <param index="0">
              <value>
                <![CDATA[athira]]>
              </value>
            </param>
            <param index="1">
              <value>
                <![CDATA[athira364@gmail.com]]>
              </value>
            </param>
          </params>
          <reporter-output>
          </reporter-output>
        </test-method> <!-- checklogin -->
        <test-method is-config="true" signature="tearDown()[pri:0, instance:testCases.LoginPage@9ebe38b]" started-at="2022-03-05T10:37:31 IST" name="tearDown" finished-at="2022-03-05T10:37:31 IST" duration-ms="78" status="PASS">
          <reporter-output>
          </reporter-output>
        </test-method> <!-- tearDown -->
        <test-method is-config="true" signature="driverInitialize()[pri:0, instance:testCases.LoginPage@9ebe38b]" started-at="2022-03-05T10:37:31 IST" name="driverInitialize" finished-at="2022-03-05T10:37:37 IST" duration-ms="5768" status="PASS">
          <reporter-output>
          </reporter-output>
        </test-method> <!-- driverInitialize -->
        <test-method signature="checklogin(java.lang.String, java.lang.String)[pri:0, instance:testCases.LoginPage@9ebe38b]" started-at="2022-03-05T10:37:37 IST" name="checklogin" data-provider="getData" finished-at="2022-03-05T10:37:38 IST" duration-ms="986" status="PASS">
          <params>
            <param index="0">
              <value>
                <![CDATA[anju]]>
              </value>
            </param>
            <param index="1">
              <value>
                <![CDATA[anjana@gmail.com]]>
              </value>
            </param>
          </params>
          <reporter-output>
          </reporter-output>
        </test-method> <!-- checklogin -->
        <test-method is-config="true" signature="tearDown()[pri:0, instance:testCases.LoginPage@9ebe38b]" started-at="2022-03-05T10:37:38 IST" name="tearDown" finished-at="2022-03-05T10:37:38 IST" duration-ms="61" status="PASS">
          <reporter-output>
          </reporter-output>
        </test-method> <!-- tearDown -->
      </class> <!-- testCases.LoginPage -->
    </test> <!-- Test2 -->
    <test started-at="2022-03-05T10:37:38 IST" name="Test3" finished-at="2022-03-05T10:37:44 IST" duration-ms="5681">
      <class name="testCases.CoursesPage">
        <test-method is-config="true" signature="driverInitilization()[pri:0, instance:testCases.CoursesPage@1e097d59]" started-at="2022-03-05T10:37:38 IST" name="driverInitilization" finished-at="2022-03-05T10:37:44 IST" duration-ms="5331" status="PASS">
          <reporter-output>
          </reporter-output>
        </test-method> <!-- driverInitilization -->
        <test-method signature="clickOnRadioButton()[pri:0, instance:testCases.CoursesPage@1e097d59]" started-at="2022-03-05T10:37:44 IST" name="clickOnRadioButton" finished-at="2022-03-05T10:37:44 IST" duration-ms="245" status="PASS">
          <reporter-output>
          </reporter-output>
        </test-method> <!-- clickOnRadioButton -->
        <test-method is-config="true" signature="TearDown()[pri:0, instance:testCases.CoursesPage@1e097d59]" started-at="2022-03-05T10:37:44 IST" name="TearDown" finished-at="2022-03-05T10:37:44 IST" duration-ms="102" status="PASS">
          <reporter-output>
          </reporter-output>
        </test-method> <!-- TearDown -->
      </class> <!-- testCases.CoursesPage -->
    </test> <!-- Test3 -->
  </suite> <!-- Suite -->
</testng-results>
